<?xml version="1.0" encoding="UTF-8" ?>
<testsuite failures="0" time="0" errors="0" skipped="0" tests="3" name="org.es4j.eventstore.core.OptimisticEventStoreTests.OptimisticEventStoreTest.When_committing_with_a_valid_and_populated_attempt_to_a_stream">
  <properties>
    <property name="java.runtime.name" value="Java(TM) SE Runtime Environment"/>
    <property name="sun.boot.library.path" value="C:\Program Files\Java\jdk1.7.0_06\jre\bin"/>
    <property name="java.vm.version" value="23.2-b09"/>
    <property name="java.vm.vendor" value="Oracle Corporation"/>
    <property name="java.vendor.url" value="http://java.oracle.com/"/>
    <property name="path.separator" value=";"/>
    <property name="guice.disable.misplaced.annotation.check" value="true"/>
    <property name="java.vm.name" value="Java HotSpot(TM) Client VM"/>
    <property name="file.encoding.pkg" value="sun.io"/>
    <property name="user.script" value=""/>
    <property name="user.country" value="US"/>
    <property name="sun.java.launcher" value="SUN_STANDARD"/>
    <property name="sun.os.patch.level" value="Service Pack 3"/>
    <property name="java.vm.specification.name" value="Java Virtual Machine Specification"/>
    <property name="user.dir" value="C:\repos\es4j\github-es4j-es4j-eventstore-core"/>
    <property name="java.runtime.version" value="1.7.0_06-ea-b20"/>
    <property name="java.awt.graphicsenv" value="sun.awt.Win32GraphicsEnvironment"/>
    <property name="java.endorsed.dirs" value="C:\Program Files\Java\jdk1.7.0_06\jre\lib\endorsed"/>
    <property name="os.arch" value="x86"/>
    <property name="java.io.tmpdir" value="C:\DOCUME~1\Esfand\LOCALS~1\Temp\"/>
    <property name="line.separator" value="
"/>
    <property name="java.vm.specification.vendor" value="Oracle Corporation"/>
    <property name="user.variant" value=""/>
    <property name="os.name" value="Windows XP"/>
    <property name="classworlds.conf" value="C:\Program Files\NetBeans 7.2\java\maven\bin\m2.conf"/>
    <property name="sun.jnu.encoding" value="Cp1252"/>
    <property name="java.library.path" value="C:\Program Files\Java\jdk1.7.0_06\bin;C:\WINDOWS\Sun\Java\bin;C:\WINDOWS\system32;C:\WINDOWS;C:\programs\RailsInstaller\Git\cmd;C:\programs\RailsInstaller\Ruby1.9.3\bin;C:\Program Files\PlasticSCM4\server;C:\Program Files\PlasticSCM4\client;C:\Programs\Ruby193\bin;c:\programs\cygwin\bin;C:\Program Files\CollabNet\Subversion Client;C:\programs\Python27A\;C:\programs\Python27A\Scripts;C:\programs\Ruby192\bin;C:\WINDOWS\system32;C:\WINDOWS;C:\WINDOWS\System32\Wbem;C:\Program Files\ATI Technologies\ATI Control Panel;c:\sdks\cloudbees-sdk-0.8.1;C:\WINDOWS\system32\WindowsPowerShell\v1.0;c:\programs\apache-maven-3.0.4\bin;C:\Program Files\WinSCP\;C:\Program Files\Support Tools\;c:\bin;c:\Program Files\Microsoft SQL Server\100\Tools\Binn\;c:\Program Files\Microsoft SQL Server\100\DTS\Binn\;C:\Programs\SFU\common\;C:\Program Files\cloudControl;C:\Program Files\QT Lite\QTSystem;C:\Program Files\OpenLDAP\kfw\Binary;C:\Program Files\Mercurial\;C:\Program Files\MySQL\MySQL Server 5.5\bin;C:\Program Files\SlikSvn\bin;C:\Program Files\Git\cmd;c:\programs\glassfish4\glassfish\bin;c:\programs\intype;C:\Program Files\Git\bin;c:\programs\jboss-as-7.1.0.CR1b\bin;C:\Program Files\Pandoc\bin;C:\Program Files\clip-pandoc;C:\Program Files\Microsoft\Web Platform Installer\;C:\Program Files\Leawo\Video Accelerator;C:\Program Files\Microsoft ASP.NET\ASP.NET Web Pages\v1.0\;c:\programs\erl5.9.1\bin;c:\programs\emacs\bin;C:\Program Files\nodejs\;c:\Programs\apache-ant-1.8.2\bin;c:\programs\db-derby-10.8.2.2-bin\bin;c:\programs\apache-tomcat-7.0.25\bin;C:\Program Files\Java\jdk1.7.0_04;C:\Documents and Settings\Esfand\Local Settings\Application Data\Bandizip\7z;c:\programs\gradle-1.0-rc-3\bin;c:\programs\putty;c:\frameworks\vert.x-1.0.1.final\bin;c:\programs\v8;c:\programs\intype;C:\Documents and Settings\Esfand\Application Data\npm\;."/>
    <property name="java.specification.name" value="Java Platform API Specification"/>
    <property name="java.class.version" value="51.0"/>
    <property name="sun.management.compiler" value="HotSpot Client Compiler"/>
    <property name="os.version" value="5.1"/>
    <property name="user.home" value="C:\Documents and Settings\Esfand"/>
    <property name="user.timezone" value="Europe/Helsinki"/>
    <property name="java.awt.printerjob" value="sun.awt.windows.WPrinterJob"/>
    <property name="java.specification.version" value="1.7"/>
    <property name="file.encoding" value="Cp1252"/>
    <property name="user.name" value="Esfand"/>
    <property name="java.class.path" value="C:\Program Files\NetBeans 7.2\java\maven\boot\plexus-classworlds-2.4.jar"/>
    <property name="java.vm.specification.version" value="1.7"/>
    <property name="sun.arch.data.model" value="32"/>
    <property name="java.home" value="C:\Program Files\Java\jdk1.7.0_06\jre"/>
    <property name="sun.java.command" value="org.codehaus.plexus.classworlds.launcher.Launcher clean install"/>
    <property name="java.specification.vendor" value="Oracle Corporation"/>
    <property name="user.language" value="en"/>
    <property name="awt.toolkit" value="sun.awt.windows.WToolkit"/>
    <property name="java.vm.info" value="mixed mode, sharing"/>
    <property name="java.version" value="1.7.0_06-ea"/>
    <property name="java.ext.dirs" value="C:\Program Files\Java\jdk1.7.0_06\jre\lib\ext;C:\WINDOWS\Sun\Java\lib\ext"/>
    <property name="sun.boot.class.path" value="C:\Program Files\Java\jdk1.7.0_06\jre\lib\resources.jar;C:\Program Files\Java\jdk1.7.0_06\jre\lib\rt.jar;C:\Program Files\Java\jdk1.7.0_06\jre\lib\sunrsasign.jar;C:\Program Files\Java\jdk1.7.0_06\jre\lib\jsse.jar;C:\Program Files\Java\jdk1.7.0_06\jre\lib\jce.jar;C:\Program Files\Java\jdk1.7.0_06\jre\lib\charsets.jar;C:\Program Files\Java\jdk1.7.0_06\jre\lib\jfr.jar;C:\Program Files\Java\jdk1.7.0_06\jre\classes"/>
    <property name="java.vendor" value="Oracle Corporation"/>
    <property name="maven.home" value="C:\Program Files\NetBeans 7.2\java\maven"/>
    <property name="file.separator" value="\"/>
    <property name="java.vendor.url.bug" value="http://bugreport.sun.com/bugreport/"/>
    <property name="sun.cpu.endian" value="little"/>
    <property name="sun.io.unicode.encoding" value="UnicodeLittle"/>
    <property name="sun.desktop" value="windows"/>
    <property name="sun.cpu.isalist" value="pentium_pro+mmx pentium_pro pentium+mmx pentium i486 i386 i86"/>
  </properties>
  <testcase time="0" classname="org.es4j.eventstore.core.OptimisticEventStoreTests.OptimisticEventStoreTest.When_committing_with_a_valid_and_populated_attempt_to_a_stream" name="should_provide_the_commit_to_the_precommit_hooks"/>
  <testcase time="0" classname="org.es4j.eventstore.core.OptimisticEventStoreTests.OptimisticEventStoreTest.When_committing_with_a_valid_and_populated_attempt_to_a_stream" name="should_provide_the_commit_attempt_to_the_configured_persistence_mechanism"/>
  <testcase time="0" classname="org.es4j.eventstore.core.OptimisticEventStoreTests.OptimisticEventStoreTest.When_committing_with_a_valid_and_populated_attempt_to_a_stream" name="should_provide_the_commit_to_the_postcommit_hooks"/>
</testsuite>